Determining if the pthread_create exist failed with the following output:
Change Dir: /root/workspace/Project1/build/CMakeFiles/CMakeTmp

Run Build Command:"/usr/bin/make" "cmTC_4a28c/fast"
/usr/bin/make -f CMakeFiles/cmTC_4a28c.dir/build.make CMakeFiles/cmTC_4a28c.dir/build
make[1]: Entering directory '/root/workspace/Project1/build/CMakeFiles/CMakeTmp'
Building C object CMakeFiles/cmTC_4a28c.dir/CheckSymbolExists.c.o
/usr/bin/cc     -o CMakeFiles/cmTC_4a28c.dir/CheckSymbolExists.c.o   -c /root/workspace/Project1/build/CMakeFiles/CMakeTmp/CheckSymbolExists.c
Linking C executable cmTC_4a28c
/usr/bin/cmake -E cmake_link_script CMakeFiles/cmTC_4a28c.dir/link.txt --verbose=1
/usr/bin/cc       CMakeFiles/cmTC_4a28c.dir/CheckSymbolExists.c.o  -o cmTC_4a28c -rdynamic 
CMakeFiles/cmTC_4a28c.dir/CheckSymbolExists.c.o: In function `main':
CheckSymbolExists.c:(.text+0x16): undefined reference to `pthread_create'
collect2: error: ld returned 1 exit status
CMakeFiles/cmTC_4a28c.dir/build.make:97: recipe for target 'cmTC_4a28c' failed
make[1]: *** [cmTC_4a28c] Error 1
make[1]: Leaving directory '/root/workspace/Project1/build/CMakeFiles/CMakeTmp'
Makefile:126: recipe for target 'cmTC_4a28c/fast' failed
make: *** [cmTC_4a28c/fast] Error 2

File /root/workspace/Project1/build/CMakeFiles/CMakeTmp/CheckSymbolExists.c:
/* */
#include <pthread.h>

int main(int argc, char** argv)
{
  (void)argv;
#ifndef pthread_create
  return ((int*)(&pthread_create))[argc];
#else
  (void)argc;
  return 0;
#endif
}

Determining if the function pthread_create exists in the pthreads failed with the following output:
Change Dir: /root/workspace/Project1/build/CMakeFiles/CMakeTmp

Run Build Command:"/usr/bin/make" "cmTC_092b8/fast"
/usr/bin/make -f CMakeFiles/cmTC_092b8.dir/build.make CMakeFiles/cmTC_092b8.dir/build
make[1]: Entering directory '/root/workspace/Project1/build/CMakeFiles/CMakeTmp'
Building C object CMakeFiles/cmTC_092b8.dir/CheckFunctionExists.c.o
/usr/bin/cc    -DCHECK_FUNCTION_EXISTS=pthread_create   -o CMakeFiles/cmTC_092b8.dir/CheckFunctionExists.c.o   -c /usr/share/cmake-3.5/Modules/CheckFunctionExists.c
Linking C executable cmTC_092b8
/usr/bin/cmake -E cmake_link_script CMakeFiles/cmTC_092b8.dir/link.txt --verbose=1
/usr/bin/cc   -DCHECK_FUNCTION_EXISTS=pthread_create    CMakeFiles/cmTC_092b8.dir/CheckFunctionExists.c.o  -o cmTC_092b8 -rdynamic -lpthreads 
/usr/bin/ld: cannot find -lpthreads
collect2: error: ld returned 1 exit status
CMakeFiles/cmTC_092b8.dir/build.make:97: recipe for target 'cmTC_092b8' failed
make[1]: *** [cmTC_092b8] Error 1
make[1]: Leaving directory '/root/workspace/Project1/build/CMakeFiles/CMakeTmp'
Makefile:126: recipe for target 'cmTC_092b8/fast' failed
make: *** [cmTC_092b8/fast] Error 2


